{"C:\\Users\\Karim\\Desktop\\Projet_TripAdvisor - final npm install\\spec\\places.spec.js":{"path":"C:\\Users\\Karim\\Desktop\\Projet_TripAdvisor - final npm install\\spec\\places.spec.js","statementMap":{"0":{"start":{"line":1,"column":19},"end":{"line":1,"column":34}},"1":{"start":{"line":2,"column":18},"end":{"line":2,"column":38}},"2":{"start":{"line":3,"column":12},"end":{"line":3,"column":29}},"3":{"start":{"line":4,"column":17},"end":{"line":4,"column":36}},"4":{"start":{"line":5,"column":28},"end":{"line":5,"column":46}},"5":{"start":{"line":6,"column":13},"end":{"line":6,"column":40}},"6":{"start":{"line":10,"column":0},"end":{"line":12,"column":3}},"7":{"start":{"line":11,"column":2},"end":{"line":11,"column":32}},"8":{"start":{"line":16,"column":0},"end":{"line":18,"column":3}},"9":{"start":{"line":17,"column":2},"end":{"line":17,"column":32}}},"fnMap":{"0":{"name":"(anonymous_0)","decl":{"start":{"line":10,"column":28},"end":{"line":10,"column":29}},"loc":{"start":{"line":10,"column":39},"end":{"line":12,"column":1}},"line":10},"1":{"name":"(anonymous_1)","decl":{"start":{"line":16,"column":49},"end":{"line":16,"column":50}},"loc":{"start":{"line":16,"column":60},"end":{"line":18,"column":1}},"line":16}},"branchMap":{},"s":{"0":1,"1":1,"2":1,"3":1,"4":1,"5":1,"6":1,"7":1,"8":1,"9":1},"f":{"0":1,"1":1},"b":{},"_coverageSchema":"43e27e138ebf9cfc5966b082cf9a028302ed4184","hash":"3ac49e43d51d22b10ac409731a5554cac652542c","contentHash":"3ef9848550ee7421c56c36893f3095d744d251637c6c9242f1f832a37dac5f4f"},"C:\\Users\\Karim\\Desktop\\Projet_TripAdvisor - final npm install\\app.js":{"path":"C:\\Users\\Karim\\Desktop\\Projet_TripAdvisor - final npm install\\app.js","statementMap":{"0":{"start":{"line":1,"column":18},"end":{"line":1,"column":40}},"1":{"start":{"line":2,"column":14},"end":{"line":2,"column":32}},"2":{"start":{"line":3,"column":11},"end":{"line":3,"column":26}},"3":{"start":{"line":4,"column":19},"end":{"line":4,"column":43}},"4":{"start":{"line":5,"column":13},"end":{"line":5,"column":30}},"5":{"start":{"line":6,"column":10},"end":{"line":6,"column":33}},"6":{"start":{"line":7,"column":13},"end":{"line":7,"column":30}},"7":{"start":{"line":11,"column":20},"end":{"line":11,"column":45}},"8":{"start":{"line":12,"column":20},"end":{"line":12,"column":45}},"9":{"start":{"line":13,"column":21},"end":{"line":13,"column":47}},"10":{"start":{"line":15,"column":10},"end":{"line":15,"column":19}},"11":{"start":{"line":18,"column":17},"end":{"line":18,"column":36}},"12":{"start":{"line":19,"column":0},"end":{"line":21,"column":3}},"13":{"start":{"line":24,"column":0},"end":{"line":24,"column":48}},"14":{"start":{"line":25,"column":0},"end":{"line":25,"column":31}},"15":{"start":{"line":27,"column":0},"end":{"line":29,"column":1}},"16":{"start":{"line":28,"column":4},"end":{"line":28,"column":27}},"17":{"start":{"line":30,"column":0},"end":{"line":30,"column":24}},"18":{"start":{"line":31,"column":0},"end":{"line":31,"column":49}},"19":{"start":{"line":32,"column":0},"end":{"line":32,"column":24}},"20":{"start":{"line":33,"column":0},"end":{"line":33,"column":56}},"21":{"start":{"line":35,"column":0},"end":{"line":35,"column":26}},"22":{"start":{"line":36,"column":0},"end":{"line":36,"column":26}},"23":{"start":{"line":37,"column":0},"end":{"line":37,"column":27}},"24":{"start":{"line":40,"column":0},"end":{"line":42,"column":3}},"25":{"start":{"line":41,"column":2},"end":{"line":41,"column":25}},"26":{"start":{"line":45,"column":0},"end":{"line":53,"column":3}},"27":{"start":{"line":47,"column":2},"end":{"line":47,"column":35}},"28":{"start":{"line":48,"column":2},"end":{"line":48,"column":69}},"29":{"start":{"line":51,"column":2},"end":{"line":51,"column":32}},"30":{"start":{"line":52,"column":2},"end":{"line":52,"column":22}},"31":{"start":{"line":55,"column":0},"end":{"line":55,"column":21}}},"fnMap":{"0":{"name":"(anonymous_0)","decl":{"start":{"line":40,"column":8},"end":{"line":40,"column":9}},"loc":{"start":{"line":40,"column":33},"end":{"line":42,"column":1}},"line":40},"1":{"name":"(anonymous_1)","decl":{"start":{"line":45,"column":8},"end":{"line":45,"column":9}},"loc":{"start":{"line":45,"column":38},"end":{"line":53,"column":1}},"line":45}},"branchMap":{"0":{"loc":{"start":{"line":19,"column":17},"end":{"line":19,"column":77}},"type":"binary-expr","locations":[{"start":{"line":19,"column":17},"end":{"line":19,"column":40}},{"start":{"line":19,"column":44},"end":{"line":19,"column":77}}],"line":19},"1":{"loc":{"start":{"line":27,"column":0},"end":{"line":29,"column":1}},"type":"if","locations":[{"start":{"line":27,"column":0},"end":{"line":29,"column":1}},{"start":{"line":27,"column":0},"end":{"line":29,"column":1}}],"line":27},"2":{"loc":{"start":{"line":48,"column":21},"end":{"line":48,"column":68}},"type":"cond-expr","locations":[{"start":{"line":48,"column":60},"end":{"line":48,"column":63}},{"start":{"line":48,"column":66},"end":{"line":48,"column":68}}],"line":48},"3":{"loc":{"start":{"line":51,"column":13},"end":{"line":51,"column":30}},"type":"binary-expr","locations":[{"start":{"line":51,"column":13},"end":{"line":51,"column":23}},{"start":{"line":51,"column":27},"end":{"line":51,"column":30}}],"line":51}},"s":{"0":1,"1":1,"2":1,"3":1,"4":1,"5":1,"6":1,"7":1,"8":1,"9":1,"10":1,"11":1,"12":1,"13":1,"14":1,"15":1,"16":0,"17":1,"18":1,"19":1,"20":1,"21":1,"22":1,"23":1,"24":1,"25":0,"26":1,"27":0,"28":0,"29":0,"30":0,"31":1},"f":{"0":0,"1":0},"b":{"0":[1,0],"1":[0,1],"2":[0,0],"3":[0,0]},"_coverageSchema":"43e27e138ebf9cfc5966b082cf9a028302ed4184","hash":"ce95cfa1f3a0048cad173ab3cb59d12acde2d32e","contentHash":"538a8e4f65a1422f943070a90d49a179b4f796d11be14b4685b3ae71ba350540"},"C:\\Users\\Karim\\Desktop\\Projet_TripAdvisor - final npm install\\routes\\index.js":{"path":"C:\\Users\\Karim\\Desktop\\Projet_TripAdvisor - final npm install\\routes\\index.js","statementMap":{"0":{"start":{"line":1,"column":14},"end":{"line":1,"column":32}},"1":{"start":{"line":2,"column":13},"end":{"line":2,"column":29}},"2":{"start":{"line":5,"column":0},"end":{"line":7,"column":3}},"3":{"start":{"line":6,"column":2},"end":{"line":6,"column":44}},"4":{"start":{"line":9,"column":0},"end":{"line":9,"column":24}}},"fnMap":{"0":{"name":"(anonymous_0)","decl":{"start":{"line":5,"column":16},"end":{"line":5,"column":17}},"loc":{"start":{"line":5,"column":41},"end":{"line":7,"column":1}},"line":5}},"branchMap":{},"s":{"0":1,"1":1,"2":1,"3":0,"4":1},"f":{"0":0},"b":{},"_coverageSchema":"43e27e138ebf9cfc5966b082cf9a028302ed4184","hash":"4f0c3ed993bfd6d25ab07f198d41933579b8341f","contentHash":"d5e8020a8f20590f64bd0d4efb350e1f5609966b767162410d7bdc77f5475467"},"C:\\Users\\Karim\\Desktop\\Projet_TripAdvisor - final npm install\\routes\\users.js":{"path":"C:\\Users\\Karim\\Desktop\\Projet_TripAdvisor - final npm install\\routes\\users.js","statementMap":{"0":{"start":{"line":1,"column":15},"end":{"line":1,"column":35}},"1":{"start":{"line":3,"column":10},"end":{"line":3,"column":33}},"2":{"start":{"line":4,"column":13},"end":{"line":4,"column":30}},"3":{"start":{"line":5,"column":14},"end":{"line":5,"column":32}},"4":{"start":{"line":6,"column":13},"end":{"line":6,"column":29}},"5":{"start":{"line":9,"column":18},"end":{"line":9,"column":42}},"6":{"start":{"line":12,"column":13},"end":{"line":12,"column":39}},"7":{"start":{"line":13,"column":16},"end":{"line":13,"column":45}},"8":{"start":{"line":18,"column":0},"end":{"line":30,"column":3}},"9":{"start":{"line":19,"column":4},"end":{"line":29,"column":7}},"10":{"start":{"line":20,"column":8},"end":{"line":22,"column":9}},"11":{"start":{"line":21,"column":12},"end":{"line":21,"column":29}},"12":{"start":{"line":24,"column":24},"end":{"line":24,"column":36}},"13":{"start":{"line":26,"column":8},"end":{"line":26,"column":35}},"14":{"start":{"line":28,"column":8},"end":{"line":28,"column":24}},"15":{"start":{"line":33,"column":0},"end":{"line":49,"column":3}},"16":{"start":{"line":34,"column":26},"end":{"line":34,"column":43}},"17":{"start":{"line":35,"column":23},"end":{"line":35,"column":25}},"18":{"start":{"line":36,"column":4},"end":{"line":48,"column":7}},"19":{"start":{"line":37,"column":8},"end":{"line":39,"column":9}},"20":{"start":{"line":38,"column":12},"end":{"line":38,"column":29}},"21":{"start":{"line":40,"column":24},"end":{"line":40,"column":42}},"22":{"start":{"line":41,"column":8},"end":{"line":41,"column":42}},"23":{"start":{"line":42,"column":8},"end":{"line":47,"column":11}},"24":{"start":{"line":43,"column":12},"end":{"line":45,"column":13}},"25":{"start":{"line":44,"column":16},"end":{"line":44,"column":33}},"26":{"start":{"line":46,"column":12},"end":{"line":46,"column":32}},"27":{"start":{"line":51,"column":0},"end":{"line":75,"column":3}},"28":{"start":{"line":52,"column":4},"end":{"line":74,"column":6}},"29":{"start":{"line":53,"column":8},"end":{"line":57,"column":9}},"30":{"start":{"line":54,"column":12},"end":{"line":54,"column":29}},"31":{"start":{"line":55,"column":15},"end":{"line":57,"column":9}},"32":{"start":{"line":56,"column":12},"end":{"line":56,"column":39}},"33":{"start":{"line":58,"column":8},"end":{"line":65,"column":11}},"34":{"start":{"line":59,"column":12},"end":{"line":63,"column":13}},"35":{"start":{"line":60,"column":16},"end":{"line":60,"column":33}},"36":{"start":{"line":61,"column":19},"end":{"line":63,"column":13}},"37":{"start":{"line":62,"column":16},"end":{"line":62,"column":43}},"38":{"start":{"line":64,"column":12},"end":{"line":64,"column":50}},"39":{"start":{"line":68,"column":20},"end":{"line":68,"column":72}},"40":{"start":{"line":69,"column":23},"end":{"line":69,"column":61}},"41":{"start":{"line":70,"column":8},"end":{"line":73,"column":11}},"42":{"start":{"line":71,"column":12},"end":{"line":71,"column":42}},"43":{"start":{"line":71,"column":23},"end":{"line":71,"column":40}},"44":{"start":{"line":72,"column":12},"end":{"line":72,"column":39}},"45":{"start":{"line":85,"column":0},"end":{"line":97,"column":3}},"46":{"start":{"line":86,"column":4},"end":{"line":96,"column":7}},"47":{"start":{"line":87,"column":8},"end":{"line":89,"column":9}},"48":{"start":{"line":88,"column":12},"end":{"line":88,"column":29}},"49":{"start":{"line":90,"column":8},"end":{"line":95,"column":11}},"50":{"start":{"line":91,"column":12},"end":{"line":93,"column":13}},"51":{"start":{"line":92,"column":16},"end":{"line":92,"column":33}},"52":{"start":{"line":94,"column":12},"end":{"line":94,"column":32}},"53":{"start":{"line":99,"column":0},"end":{"line":99,"column":24}}},"fnMap":{"0":{"name":"(anonymous_0)","decl":{"start":{"line":18,"column":21},"end":{"line":18,"column":22}},"loc":{"start":{"line":18,"column":46},"end":{"line":30,"column":1}},"line":18},"1":{"name":"(anonymous_1)","decl":{"start":{"line":19,"column":38},"end":{"line":19,"column":39}},"loc":{"start":{"line":19,"column":59},"end":{"line":29,"column":5}},"line":19},"2":{"name":"(anonymous_2)","decl":{"start":{"line":33,"column":22},"end":{"line":33,"column":23}},"loc":{"start":{"line":33,"column":47},"end":{"line":49,"column":1}},"line":33},"3":{"name":"(anonymous_3)","decl":{"start":{"line":36,"column":43},"end":{"line":36,"column":44}},"loc":{"start":{"line":36,"column":73},"end":{"line":48,"column":5}},"line":36},"4":{"name":"(anonymous_4)","decl":{"start":{"line":42,"column":21},"end":{"line":42,"column":22}},"loc":{"start":{"line":42,"column":46},"end":{"line":47,"column":9}},"line":42},"5":{"name":"(anonymous_5)","decl":{"start":{"line":51,"column":22},"end":{"line":51,"column":23}},"loc":{"start":{"line":51,"column":47},"end":{"line":75,"column":1}},"line":51},"6":{"name":"(anonymous_6)","decl":{"start":{"line":52,"column":55},"end":{"line":52,"column":56}},"loc":{"start":{"line":52,"column":75},"end":{"line":74,"column":5}},"line":52},"7":{"name":"(anonymous_7)","decl":{"start":{"line":58,"column":57},"end":{"line":58,"column":58}},"loc":{"start":{"line":58,"column":78},"end":{"line":65,"column":9}},"line":58},"8":{"name":"(anonymous_8)","decl":{"start":{"line":70,"column":43},"end":{"line":70,"column":44}},"loc":{"start":{"line":70,"column":64},"end":{"line":73,"column":9}},"line":70},"9":{"name":"(anonymous_9)","decl":{"start":{"line":85,"column":28},"end":{"line":85,"column":29}},"loc":{"start":{"line":85,"column":53},"end":{"line":97,"column":1}},"line":85},"10":{"name":"(anonymous_10)","decl":{"start":{"line":86,"column":52},"end":{"line":86,"column":53}},"loc":{"start":{"line":86,"column":73},"end":{"line":96,"column":5}},"line":86},"11":{"name":"(anonymous_11)","decl":{"start":{"line":90,"column":72},"end":{"line":90,"column":73}},"loc":{"start":{"line":90,"column":97},"end":{"line":95,"column":9}},"line":90}},"branchMap":{"0":{"loc":{"start":{"line":20,"column":8},"end":{"line":22,"column":9}},"type":"if","locations":[{"start":{"line":20,"column":8},"end":{"line":22,"column":9}},{"start":{"line":20,"column":8},"end":{"line":22,"column":9}}],"line":20},"1":{"loc":{"start":{"line":37,"column":8},"end":{"line":39,"column":9}},"type":"if","locations":[{"start":{"line":37,"column":8},"end":{"line":39,"column":9}},{"start":{"line":37,"column":8},"end":{"line":39,"column":9}}],"line":37},"2":{"loc":{"start":{"line":43,"column":12},"end":{"line":45,"column":13}},"type":"if","locations":[{"start":{"line":43,"column":12},"end":{"line":45,"column":13}},{"start":{"line":43,"column":12},"end":{"line":45,"column":13}}],"line":43},"3":{"loc":{"start":{"line":53,"column":8},"end":{"line":57,"column":9}},"type":"if","locations":[{"start":{"line":53,"column":8},"end":{"line":57,"column":9}},{"start":{"line":53,"column":8},"end":{"line":57,"column":9}}],"line":53},"4":{"loc":{"start":{"line":55,"column":15},"end":{"line":57,"column":9}},"type":"if","locations":[{"start":{"line":55,"column":15},"end":{"line":57,"column":9}},{"start":{"line":55,"column":15},"end":{"line":57,"column":9}}],"line":55},"5":{"loc":{"start":{"line":59,"column":12},"end":{"line":63,"column":13}},"type":"if","locations":[{"start":{"line":59,"column":12},"end":{"line":63,"column":13}},{"start":{"line":59,"column":12},"end":{"line":63,"column":13}}],"line":59},"6":{"loc":{"start":{"line":61,"column":19},"end":{"line":63,"column":13}},"type":"if","locations":[{"start":{"line":61,"column":19},"end":{"line":63,"column":13}},{"start":{"line":61,"column":19},"end":{"line":63,"column":13}}],"line":61},"7":{"loc":{"start":{"line":71,"column":12},"end":{"line":71,"column":42}},"type":"if","locations":[{"start":{"line":71,"column":12},"end":{"line":71,"column":42}},{"start":{"line":71,"column":12},"end":{"line":71,"column":42}}],"line":71},"8":{"loc":{"start":{"line":87,"column":8},"end":{"line":89,"column":9}},"type":"if","locations":[{"start":{"line":87,"column":8},"end":{"line":89,"column":9}},{"start":{"line":87,"column":8},"end":{"line":89,"column":9}}],"line":87},"9":{"loc":{"start":{"line":91,"column":12},"end":{"line":93,"column":13}},"type":"if","locations":[{"start":{"line":91,"column":12},"end":{"line":93,"column":13}},{"start":{"line":91,"column":12},"end":{"line":93,"column":13}}],"line":91}},"s":{"0":1,"1":1,"2":1,"3":1,"4":1,"5":1,"6":1,"7":1,"8":1,"9":1,"10":1,"11":0,"12":1,"13":1,"14":1,"15":1,"16":1,"17":1,"18":1,"19":1,"20":0,"21":1,"22":1,"23":1,"24":1,"25":0,"26":1,"27":1,"28":0,"29":0,"30":0,"31":0,"32":0,"33":0,"34":0,"35":0,"36":0,"37":0,"38":0,"39":0,"40":0,"41":0,"42":0,"43":0,"44":0,"45":1,"46":0,"47":0,"48":0,"49":0,"50":0,"51":0,"52":0,"53":1},"f":{"0":1,"1":1,"2":1,"3":1,"4":1,"5":0,"6":0,"7":0,"8":0,"9":0,"10":0,"11":0},"b":{"0":[0,1],"1":[0,1],"2":[0,1],"3":[0,0],"4":[0,0],"5":[0,0],"6":[0,0],"7":[0,0],"8":[0,0],"9":[0,0]},"_coverageSchema":"43e27e138ebf9cfc5966b082cf9a028302ed4184","hash":"64310989d192a06f1e9f6a5a03b36f2756c2db06","contentHash":"9509db8b689ed62571a0c1a0ff7634a76164ed977687a18d64272ccbada89e3a"},"C:\\Users\\Karim\\Desktop\\Projet_TripAdvisor - final npm install\\config.js":{"path":"C:\\Users\\Karim\\Desktop\\Projet_TripAdvisor - final npm install\\config.js","statementMap":{"0":{"start":{"line":1,"column":0},"end":{"line":1,"column":42}},"1":{"start":{"line":2,"column":0},"end":{"line":2,"column":111}},"2":{"start":{"line":3,"column":0},"end":{"line":3,"column":77}},"3":{"start":{"line":4,"column":0},"end":{"line":4,"column":60}},"4":{"start":{"line":6,"column":22},"end":{"line":6,"column":39}},"5":{"start":{"line":13,"column":0},"end":{"line":19,"column":2}},"6":{"start":{"line":15,"column":19},"end":{"line":15,"column":34}},"7":{"start":{"line":16,"column":4},"end":{"line":16,"column":36}},"8":{"start":{"line":18,"column":4},"end":{"line":18,"column":18}}},"fnMap":{"0":{"name":"(anonymous_0)","decl":{"start":{"line":13,"column":23},"end":{"line":13,"column":24}},"loc":{"start":{"line":13,"column":38},"end":{"line":19,"column":1}},"line":13}},"branchMap":{"0":{"loc":{"start":{"line":1,"column":15},"end":{"line":1,"column":41}},"type":"binary-expr","locations":[{"start":{"line":1,"column":15},"end":{"line":1,"column":31}},{"start":{"line":1,"column":35},"end":{"line":1,"column":41}}],"line":1},"1":{"loc":{"start":{"line":2,"column":22},"end":{"line":2,"column":110}},"type":"binary-expr","locations":[{"start":{"line":2,"column":22},"end":{"line":2,"column":46}},{"start":{"line":2,"column":50},"end":{"line":2,"column":73}},{"start":{"line":2,"column":77},"end":{"line":2,"column":110}}],"line":2},"2":{"loc":{"start":{"line":3,"column":18},"end":{"line":3,"column":76}},"type":"binary-expr","locations":[{"start":{"line":3,"column":18},"end":{"line":3,"column":38}},{"start":{"line":3,"column":42},"end":{"line":3,"column":76}}],"line":3},"3":{"loc":{"start":{"line":4,"column":20},"end":{"line":4,"column":59}},"type":"binary-expr","locations":[{"start":{"line":4,"column":20},"end":{"line":4,"column":42}},{"start":{"line":4,"column":46},"end":{"line":4,"column":59}}],"line":4}},"s":{"0":1,"1":1,"2":1,"3":1,"4":1,"5":1,"6":0,"7":0,"8":0},"f":{"0":0},"b":{"0":[1,1],"1":[1,1,0],"2":[1,1],"3":[1,1]},"_coverageSchema":"43e27e138ebf9cfc5966b082cf9a028302ed4184","hash":"e9d5402da04e7d046d49752e6a9279ed086a7a13","contentHash":"35cc16baf4376ee37b06015900d84f078861bcb77fb954deac9af51e16a9b352"},"C:\\Users\\Karim\\Desktop\\Projet_TripAdvisor - final npm install\\dispatcher.js":{"path":"C:\\Users\\Karim\\Desktop\\Projet_TripAdvisor - final npm install\\dispatcher.js","statementMap":{"0":{"start":{"line":1,"column":18},"end":{"line":1,"column":31}},"1":{"start":{"line":2,"column":25},"end":{"line":2,"column":44}},"2":{"start":{"line":4,"column":21},"end":{"line":4,"column":23}},"3":{"start":{"line":6,"column":0},"end":{"line":24,"column":1}},"4":{"start":{"line":9,"column":19},"end":{"line":9,"column":45}},"5":{"start":{"line":15,"column":16},"end":{"line":17,"column":6}},"6":{"start":{"line":20,"column":4},"end":{"line":23,"column":7}},"7":{"start":{"line":21,"column":8},"end":{"line":21,"column":54}},"8":{"start":{"line":22,"column":8},"end":{"line":22,"column":31}},"9":{"start":{"line":27,"column":0},"end":{"line":31,"column":1}},"10":{"start":{"line":28,"column":4},"end":{"line":30,"column":6}},"11":{"start":{"line":29,"column":8},"end":{"line":29,"column":49}},"12":{"start":{"line":34,"column":0},"end":{"line":38,"column":1}},"13":{"start":{"line":35,"column":4},"end":{"line":37,"column":6}},"14":{"start":{"line":36,"column":8},"end":{"line":36,"column":51}},"15":{"start":{"line":41,"column":0},"end":{"line":45,"column":1}},"16":{"start":{"line":42,"column":4},"end":{"line":44,"column":6}},"17":{"start":{"line":43,"column":8},"end":{"line":43,"column":55}}},"fnMap":{"0":{"name":"(anonymous_0)","decl":{"start":{"line":6,"column":34},"end":{"line":6,"column":35}},"loc":{"start":{"line":6,"column":51},"end":{"line":24,"column":1}},"line":6},"1":{"name":"(anonymous_1)","decl":{"start":{"line":20,"column":25},"end":{"line":20,"column":26}},"loc":{"start":{"line":20,"column":38},"end":{"line":23,"column":5}},"line":20},"2":{"name":"(anonymous_2)","decl":{"start":{"line":27,"column":18},"end":{"line":27,"column":19}},"loc":{"start":{"line":27,"column":33},"end":{"line":31,"column":1}},"line":27},"3":{"name":"(anonymous_3)","decl":{"start":{"line":28,"column":27},"end":{"line":28,"column":28}},"loc":{"start":{"line":28,"column":33},"end":{"line":30,"column":5}},"line":28},"4":{"name":"(anonymous_4)","decl":{"start":{"line":34,"column":19},"end":{"line":34,"column":20}},"loc":{"start":{"line":34,"column":35},"end":{"line":38,"column":1}},"line":34},"5":{"name":"(anonymous_5)","decl":{"start":{"line":35,"column":27},"end":{"line":35,"column":28}},"loc":{"start":{"line":35,"column":33},"end":{"line":37,"column":5}},"line":35},"6":{"name":"(anonymous_6)","decl":{"start":{"line":41,"column":21},"end":{"line":41,"column":22}},"loc":{"start":{"line":41,"column":39},"end":{"line":45,"column":1}},"line":41},"7":{"name":"(anonymous_7)","decl":{"start":{"line":42,"column":27},"end":{"line":42,"column":28}},"loc":{"start":{"line":42,"column":33},"end":{"line":44,"column":5}},"line":42}},"branchMap":{},"s":{"0":1,"1":1,"2":1,"3":1,"4":0,"5":0,"6":0,"7":0,"8":0,"9":1,"10":1,"11":0,"12":1,"13":0,"14":0,"15":1,"16":0,"17":0},"f":{"0":0,"1":0,"2":1,"3":0,"4":0,"5":0,"6":0,"7":0},"b":{},"_coverageSchema":"43e27e138ebf9cfc5966b082cf9a028302ed4184","hash":"a798f17ac0e466a8c2ca5669097e88eda72656cb","contentHash":"716d3bb5ef5dbaf814dd169daa707897d3c67a79faa3c1036d6943322dcad243"},"C:\\Users\\Karim\\Desktop\\Projet_TripAdvisor - final npm install\\models\\users.js":{"path":"C:\\Users\\Karim\\Desktop\\Projet_TripAdvisor - final npm install\\models\\users.js","statementMap":{"0":{"start":{"line":1,"column":17},"end":{"line":1,"column":36}},"1":{"start":{"line":2,"column":17},"end":{"line":2,"column":40}},"2":{"start":{"line":3,"column":15},"end":{"line":3,"column":30}},"3":{"start":{"line":5,"column":19},"end":{"line":31,"column":2}},"4":{"start":{"line":34,"column":0},"end":{"line":37,"column":3}},"5":{"start":{"line":44,"column":4},"end":{"line":46,"column":7}},"6":{"start":{"line":45,"column":8},"end":{"line":45,"column":66}},"7":{"start":{"line":55,"column":4},"end":{"line":55,"column":20}},"8":{"start":{"line":56,"column":4},"end":{"line":56,"column":20}},"9":{"start":{"line":57,"column":4},"end":{"line":57,"column":25}},"10":{"start":{"line":58,"column":4},"end":{"line":58,"column":16}},"11":{"start":{"line":61,"column":0},"end":{"line":61,"column":53}}},"fnMap":{"0":{"name":"validateUsernameUniqueness","decl":{"start":{"line":43,"column":9},"end":{"line":43,"column":35}},"loc":{"start":{"line":43,"column":43},"end":{"line":47,"column":1}},"line":43},"1":{"name":"(anonymous_1)","decl":{"start":{"line":44,"column":82},"end":{"line":44,"column":83}},"loc":{"start":{"line":44,"column":100},"end":{"line":46,"column":5}},"line":44},"2":{"name":"transformJsonUser","decl":{"start":{"line":52,"column":9},"end":{"line":52,"column":26}},"loc":{"start":{"line":52,"column":47},"end":{"line":59,"column":1}},"line":52}},"branchMap":{"0":{"loc":{"start":{"line":45,"column":15},"end":{"line":45,"column":65}},"type":"binary-expr","locations":[{"start":{"line":45,"column":15},"end":{"line":45,"column":28}},{"start":{"line":45,"column":32},"end":{"line":45,"column":65}}],"line":45}},"s":{"0":1,"1":1,"2":1,"3":1,"4":1,"5":3,"6":3,"7":3,"8":3,"9":3,"10":3,"11":1},"f":{"0":3,"1":3,"2":3},"b":{"0":[3,0]},"_coverageSchema":"43e27e138ebf9cfc5966b082cf9a028302ed4184","hash":"81b6f8793a369a45b99ff8d211caaac7939812e1","contentHash":"277bb07f7eff44e3a58546c2f47375b4827dadef088f1cfd4f2f44927e263559"},"C:\\Users\\Karim\\Desktop\\Projet_TripAdvisor - final npm install\\models\\comments.js":{"path":"C:\\Users\\Karim\\Desktop\\Projet_TripAdvisor - final npm install\\models\\comments.js","statementMap":{"0":{"start":{"line":1,"column":17},"end":{"line":1,"column":36}},"1":{"start":{"line":2,"column":17},"end":{"line":2,"column":40}},"2":{"start":{"line":3,"column":15},"end":{"line":3,"column":30}},"3":{"start":{"line":5,"column":22},"end":{"line":43,"column":2}},"4":{"start":{"line":46,"column":0},"end":{"line":49,"column":3}},"5":{"start":{"line":58,"column":4},"end":{"line":58,"column":20}},"6":{"start":{"line":59,"column":4},"end":{"line":59,"column":20}},"7":{"start":{"line":61,"column":4},"end":{"line":61,"column":16}},"8":{"start":{"line":64,"column":0},"end":{"line":64,"column":59}}},"fnMap":{"0":{"name":"transformJsonComment","decl":{"start":{"line":55,"column":9},"end":{"line":55,"column":29}},"loc":{"start":{"line":55,"column":50},"end":{"line":62,"column":1}},"line":55}},"branchMap":{},"s":{"0":1,"1":1,"2":1,"3":1,"4":1,"5":0,"6":0,"7":0,"8":1},"f":{"0":0},"b":{},"_coverageSchema":"43e27e138ebf9cfc5966b082cf9a028302ed4184","hash":"53ffc9d0376f2a8c89dd6092a2c3b243ec848e23","contentHash":"1228b551fe7eb20c6288c8b8af206abe6cdcc71217042fe42d0d97e97c7c03be"},"C:\\Users\\Karim\\Desktop\\Projet_TripAdvisor - final npm install\\routes\\places.js":{"path":"C:\\Users\\Karim\\Desktop\\Projet_TripAdvisor - final npm install\\routes\\places.js","statementMap":{"0":{"start":{"line":1,"column":15},"end":{"line":1,"column":35}},"1":{"start":{"line":2,"column":16},"end":{"line":2,"column":34}},"2":{"start":{"line":3,"column":17},"end":{"line":3,"column":36}},"3":{"start":{"line":4,"column":17},"end":{"line":4,"column":40}},"4":{"start":{"line":5,"column":14},"end":{"line":5,"column":32}},"5":{"start":{"line":6,"column":14},"end":{"line":6,"column":32}},"6":{"start":{"line":7,"column":10},"end":{"line":7,"column":33}},"7":{"start":{"line":8,"column":16},"end":{"line":8,"column":55}},"8":{"start":{"line":9,"column":15},"end":{"line":9,"column":31}},"9":{"start":{"line":12,"column":18},"end":{"line":12,"column":42}},"10":{"start":{"line":15,"column":14},"end":{"line":15,"column":41}},"11":{"start":{"line":16,"column":16},"end":{"line":16,"column":45}},"12":{"start":{"line":23,"column":26},"end":{"line":23,"column":50}},"13":{"start":{"line":24,"column":4},"end":{"line":26,"column":5}},"14":{"start":{"line":25,"column":8},"end":{"line":25,"column":71}},"15":{"start":{"line":28,"column":18},"end":{"line":28,"column":54}},"16":{"start":{"line":29,"column":4},"end":{"line":31,"column":5}},"17":{"start":{"line":30,"column":8},"end":{"line":30,"column":82}},"18":{"start":{"line":33,"column":18},"end":{"line":33,"column":26}},"19":{"start":{"line":34,"column":4},"end":{"line":41,"column":7}},"20":{"start":{"line":35,"column":8},"end":{"line":40,"column":9}},"21":{"start":{"line":36,"column":12},"end":{"line":36,"column":80}},"22":{"start":{"line":38,"column":12},"end":{"line":38,"column":44}},"23":{"start":{"line":39,"column":12},"end":{"line":39,"column":19}},"24":{"start":{"line":46,"column":0},"end":{"line":132,"column":3}},"25":{"start":{"line":47,"column":4},"end":{"line":131,"column":7}},"26":{"start":{"line":48,"column":8},"end":{"line":50,"column":9}},"27":{"start":{"line":49,"column":12},"end":{"line":49,"column":29}},"28":{"start":{"line":52,"column":20},"end":{"line":52,"column":32}},"29":{"start":{"line":55,"column":35},"end":{"line":55,"column":69}},"30":{"start":{"line":58,"column":8},"end":{"line":130,"column":11}},"31":{"start":{"line":108,"column":12},"end":{"line":110,"column":13}},"32":{"start":{"line":109,"column":16},"end":{"line":109,"column":33}},"33":{"start":{"line":111,"column":12},"end":{"line":111,"column":32}},"34":{"start":{"line":113,"column":29},"end":{"line":113,"column":42}},"35":{"start":{"line":115,"column":12},"end":{"line":115,"column":41}},"36":{"start":{"line":118,"column":12},"end":{"line":118,"column":71}},"37":{"start":{"line":120,"column":12},"end":{"line":129,"column":16}},"38":{"start":{"line":123,"column":35},"end":{"line":123,"column":60}},"39":{"start":{"line":126,"column":16},"end":{"line":126,"column":65}},"40":{"start":{"line":128,"column":16},"end":{"line":128,"column":34}},"41":{"start":{"line":135,"column":0},"end":{"line":146,"column":3}},"42":{"start":{"line":136,"column":4},"end":{"line":145,"column":7}},"43":{"start":{"line":137,"column":8},"end":{"line":139,"column":9}},"44":{"start":{"line":138,"column":12},"end":{"line":138,"column":29}},"45":{"start":{"line":141,"column":8},"end":{"line":144,"column":11}},"46":{"start":{"line":149,"column":0},"end":{"line":172,"column":3}},"47":{"start":{"line":151,"column":23},"end":{"line":151,"column":41}},"48":{"start":{"line":152,"column":4},"end":{"line":171,"column":7}},"49":{"start":{"line":153,"column":8},"end":{"line":155,"column":9}},"50":{"start":{"line":154,"column":12},"end":{"line":154,"column":29}},"51":{"start":{"line":158,"column":20},"end":{"line":158,"column":38}},"52":{"start":{"line":160,"column":8},"end":{"line":170,"column":11}},"53":{"start":{"line":161,"column":12},"end":{"line":163,"column":13}},"54":{"start":{"line":162,"column":16},"end":{"line":162,"column":33}},"55":{"start":{"line":165,"column":31},"end":{"line":165,"column":46}},"56":{"start":{"line":167,"column":12},"end":{"line":167,"column":45}},"57":{"start":{"line":169,"column":12},"end":{"line":169,"column":31}},"58":{"start":{"line":176,"column":0},"end":{"line":187,"column":3}},"59":{"start":{"line":177,"column":4},"end":{"line":186,"column":7}},"60":{"start":{"line":178,"column":8},"end":{"line":180,"column":9}},"61":{"start":{"line":179,"column":12},"end":{"line":179,"column":29}},"62":{"start":{"line":182,"column":8},"end":{"line":185,"column":30}},"63":{"start":{"line":190,"column":0},"end":{"line":204,"column":3}},"64":{"start":{"line":191,"column":20},"end":{"line":191,"column":28}},"65":{"start":{"line":192,"column":4},"end":{"line":192,"column":36}},"66":{"start":{"line":194,"column":4},"end":{"line":203,"column":7}},"67":{"start":{"line":195,"column":8},"end":{"line":197,"column":9}},"68":{"start":{"line":196,"column":12},"end":{"line":196,"column":29}},"69":{"start":{"line":199,"column":8},"end":{"line":202,"column":32}},"70":{"start":{"line":208,"column":0},"end":{"line":222,"column":3}},"71":{"start":{"line":210,"column":4},"end":{"line":210,"column":35}},"72":{"start":{"line":211,"column":4},"end":{"line":211,"column":49}},"73":{"start":{"line":212,"column":4},"end":{"line":212,"column":49}},"74":{"start":{"line":213,"column":4},"end":{"line":213,"column":41}},"75":{"start":{"line":214,"column":4},"end":{"line":214,"column":41}},"76":{"start":{"line":216,"column":4},"end":{"line":221,"column":7}},"77":{"start":{"line":217,"column":8},"end":{"line":219,"column":9}},"78":{"start":{"line":218,"column":12},"end":{"line":218,"column":29}},"79":{"start":{"line":220,"column":8},"end":{"line":220,"column":29}},"80":{"start":{"line":225,"column":0},"end":{"line":237,"column":3}},"81":{"start":{"line":227,"column":4},"end":{"line":227,"column":51}},"82":{"start":{"line":228,"column":4},"end":{"line":228,"column":43}},"83":{"start":{"line":229,"column":4},"end":{"line":229,"column":43}},"84":{"start":{"line":231,"column":4},"end":{"line":236,"column":7}},"85":{"start":{"line":232,"column":8},"end":{"line":234,"column":9}},"86":{"start":{"line":233,"column":12},"end":{"line":233,"column":29}},"87":{"start":{"line":235,"column":8},"end":{"line":235,"column":31}},"88":{"start":{"line":241,"column":0},"end":{"line":253,"column":3}},"89":{"start":{"line":242,"column":4},"end":{"line":252,"column":7}},"90":{"start":{"line":243,"column":8},"end":{"line":245,"column":9}},"91":{"start":{"line":244,"column":12},"end":{"line":244,"column":29}},"92":{"start":{"line":246,"column":8},"end":{"line":251,"column":11}},"93":{"start":{"line":247,"column":12},"end":{"line":249,"column":13}},"94":{"start":{"line":248,"column":16},"end":{"line":248,"column":33}},"95":{"start":{"line":250,"column":12},"end":{"line":250,"column":32}},"96":{"start":{"line":256,"column":0},"end":{"line":264,"column":3}},"97":{"start":{"line":257,"column":4},"end":{"line":262,"column":7}},"98":{"start":{"line":258,"column":8},"end":{"line":260,"column":9}},"99":{"start":{"line":259,"column":12},"end":{"line":259,"column":29}},"100":{"start":{"line":261,"column":8},"end":{"line":261,"column":28}},"101":{"start":{"line":271,"column":4},"end":{"line":271,"column":82}},"102":{"start":{"line":275,"column":4},"end":{"line":275,"column":86}},"103":{"start":{"line":282,"column":4},"end":{"line":282,"column":70}},"104":{"start":{"line":289,"column":20},"end":{"line":289,"column":33}},"105":{"start":{"line":290,"column":4},"end":{"line":292,"column":5}},"106":{"start":{"line":291,"column":8},"end":{"line":291,"column":43}},"107":{"start":{"line":294,"column":4},"end":{"line":303,"column":7}},"108":{"start":{"line":295,"column":8},"end":{"line":299,"column":9}},"109":{"start":{"line":296,"column":12},"end":{"line":296,"column":29}},"110":{"start":{"line":297,"column":15},"end":{"line":299,"column":9}},"111":{"start":{"line":298,"column":12},"end":{"line":298,"column":47}},"112":{"start":{"line":301,"column":8},"end":{"line":301,"column":26}},"113":{"start":{"line":302,"column":8},"end":{"line":302,"column":15}},"114":{"start":{"line":308,"column":22},"end":{"line":308,"column":35}},"115":{"start":{"line":309,"column":4},"end":{"line":311,"column":5}},"116":{"start":{"line":310,"column":8},"end":{"line":310,"column":47}},"117":{"start":{"line":313,"column":4},"end":{"line":322,"column":7}},"118":{"start":{"line":314,"column":8},"end":{"line":318,"column":9}},"119":{"start":{"line":315,"column":12},"end":{"line":315,"column":29}},"120":{"start":{"line":316,"column":15},"end":{"line":318,"column":9}},"121":{"start":{"line":317,"column":12},"end":{"line":317,"column":51}},"122":{"start":{"line":320,"column":8},"end":{"line":320,"column":30}},"123":{"start":{"line":321,"column":8},"end":{"line":321,"column":15}},"124":{"start":{"line":330,"column":16},"end":{"line":330,"column":30}},"125":{"start":{"line":332,"column":4},"end":{"line":332,"column":57}},"126":{"start":{"line":334,"column":4},"end":{"line":336,"column":5}},"127":{"start":{"line":335,"column":8},"end":{"line":335,"column":63}},"128":{"start":{"line":338,"column":4},"end":{"line":340,"column":5}},"129":{"start":{"line":339,"column":8},"end":{"line":339,"column":66}},"130":{"start":{"line":342,"column":4},"end":{"line":344,"column":5}},"131":{"start":{"line":343,"column":8},"end":{"line":343,"column":65}},"132":{"start":{"line":346,"column":4},"end":{"line":346,"column":17}},"133":{"start":{"line":349,"column":0},"end":{"line":349,"column":24}}},"fnMap":{"0":{"name":"authenticate","decl":{"start":{"line":21,"column":9},"end":{"line":21,"column":21}},"loc":{"start":{"line":21,"column":38},"end":{"line":42,"column":1}},"line":21},"1":{"name":"(anonymous_1)","decl":{"start":{"line":34,"column":33},"end":{"line":34,"column":34}},"loc":{"start":{"line":34,"column":56},"end":{"line":41,"column":5}},"line":34},"2":{"name":"(anonymous_2)","decl":{"start":{"line":46,"column":22},"end":{"line":46,"column":23}},"loc":{"start":{"line":46,"column":48},"end":{"line":132,"column":1}},"line":46},"3":{"name":"(anonymous_3)","decl":{"start":{"line":47,"column":23},"end":{"line":47,"column":24}},"loc":{"start":{"line":47,"column":45},"end":{"line":131,"column":5}},"line":47},"4":{"name":"(anonymous_4)","decl":{"start":{"line":107,"column":11},"end":{"line":107,"column":12}},"loc":{"start":{"line":107,"column":28},"end":{"line":130,"column":9}},"line":107},"5":{"name":"(anonymous_5)","decl":{"start":{"line":120,"column":32},"end":{"line":120,"column":33}},"loc":{"start":{"line":120,"column":41},"end":{"line":129,"column":13}},"line":120},"6":{"name":"(anonymous_6)","decl":{"start":{"line":135,"column":71},"end":{"line":135,"column":72}},"loc":{"start":{"line":135,"column":97},"end":{"line":146,"column":1}},"line":135},"7":{"name":"(anonymous_7)","decl":{"start":{"line":136,"column":29},"end":{"line":136,"column":30}},"loc":{"start":{"line":136,"column":52},"end":{"line":145,"column":5}},"line":136},"8":{"name":"(anonymous_8)","decl":{"start":{"line":149,"column":35},"end":{"line":149,"column":36}},"loc":{"start":{"line":149,"column":61},"end":{"line":172,"column":1}},"line":149},"9":{"name":"(anonymous_9)","decl":{"start":{"line":152,"column":21},"end":{"line":152,"column":22}},"loc":{"start":{"line":152,"column":43},"end":{"line":171,"column":5}},"line":152},"10":{"name":"(anonymous_10)","decl":{"start":{"line":160,"column":19},"end":{"line":160,"column":20}},"loc":{"start":{"line":160,"column":44},"end":{"line":170,"column":9}},"line":160},"11":{"name":"(anonymous_11)","decl":{"start":{"line":176,"column":37},"end":{"line":176,"column":38}},"loc":{"start":{"line":176,"column":63},"end":{"line":187,"column":1}},"line":176},"12":{"name":"(anonymous_12)","decl":{"start":{"line":177,"column":29},"end":{"line":177,"column":30}},"loc":{"start":{"line":177,"column":56},"end":{"line":186,"column":5}},"line":177},"13":{"name":"(anonymous_13)","decl":{"start":{"line":190,"column":50},"end":{"line":190,"column":51}},"loc":{"start":{"line":190,"column":76},"end":{"line":204,"column":1}},"line":190},"14":{"name":"(anonymous_14)","decl":{"start":{"line":194,"column":30},"end":{"line":194,"column":31}},"loc":{"start":{"line":194,"column":59},"end":{"line":203,"column":5}},"line":194},"15":{"name":"(anonymous_15)","decl":{"start":{"line":208,"column":90},"end":{"line":208,"column":91}},"loc":{"start":{"line":208,"column":116},"end":{"line":222,"column":1}},"line":208},"16":{"name":"(anonymous_16)","decl":{"start":{"line":216,"column":19},"end":{"line":216,"column":20}},"loc":{"start":{"line":216,"column":46},"end":{"line":221,"column":5}},"line":216},"17":{"name":"(anonymous_17)","decl":{"start":{"line":225,"column":110},"end":{"line":225,"column":111}},"loc":{"start":{"line":225,"column":136},"end":{"line":237,"column":1}},"line":225},"18":{"name":"(anonymous_18)","decl":{"start":{"line":231,"column":21},"end":{"line":231,"column":22}},"loc":{"start":{"line":231,"column":50},"end":{"line":236,"column":5}},"line":231},"19":{"name":"(anonymous_19)","decl":{"start":{"line":241,"column":43},"end":{"line":241,"column":44}},"loc":{"start":{"line":241,"column":69},"end":{"line":253,"column":1}},"line":241},"20":{"name":"(anonymous_20)","decl":{"start":{"line":242,"column":53},"end":{"line":242,"column":54}},"loc":{"start":{"line":242,"column":74},"end":{"line":252,"column":5}},"line":242},"21":{"name":"(anonymous_21)","decl":{"start":{"line":246,"column":73},"end":{"line":246,"column":74}},"loc":{"start":{"line":246,"column":98},"end":{"line":251,"column":9}},"line":246},"22":{"name":"(anonymous_22)","decl":{"start":{"line":256,"column":61},"end":{"line":256,"column":62}},"loc":{"start":{"line":256,"column":87},"end":{"line":264,"column":1}},"line":256},"23":{"name":"(anonymous_23)","decl":{"start":{"line":257,"column":55},"end":{"line":257,"column":56}},"loc":{"start":{"line":257,"column":76},"end":{"line":262,"column":5}},"line":257},"24":{"name":"placeNotFound","decl":{"start":{"line":270,"column":9},"end":{"line":270,"column":22}},"loc":{"start":{"line":270,"column":37},"end":{"line":272,"column":1}},"line":270},"25":{"name":"commentNotFound","decl":{"start":{"line":274,"column":9},"end":{"line":274,"column":24}},"loc":{"start":{"line":274,"column":41},"end":{"line":276,"column":1}},"line":274},"26":{"name":"countPlacesBy","decl":{"start":{"line":281,"column":9},"end":{"line":281,"column":22}},"loc":{"start":{"line":281,"column":40},"end":{"line":283,"column":1}},"line":281},"27":{"name":"loadPlaceFromParamsMiddleware","decl":{"start":{"line":287,"column":9},"end":{"line":287,"column":38}},"loc":{"start":{"line":287,"column":55},"end":{"line":304,"column":1}},"line":287},"28":{"name":"(anonymous_28)","decl":{"start":{"line":294,"column":34},"end":{"line":294,"column":35}},"loc":{"start":{"line":294,"column":56},"end":{"line":303,"column":5}},"line":294},"29":{"name":"loadCommentFromParamsMiddleware","decl":{"start":{"line":306,"column":9},"end":{"line":306,"column":40}},"loc":{"start":{"line":306,"column":57},"end":{"line":323,"column":1}},"line":306},"30":{"name":"(anonymous_30)","decl":{"start":{"line":313,"column":36},"end":{"line":313,"column":37}},"loc":{"start":{"line":313,"column":60},"end":{"line":322,"column":5}},"line":313},"31":{"name":"queryComments","decl":{"start":{"line":328,"column":9},"end":{"line":328,"column":22}},"loc":{"start":{"line":328,"column":28},"end":{"line":347,"column":1}},"line":328}},"branchMap":{"0":{"loc":{"start":{"line":8,"column":16},"end":{"line":8,"column":55}},"type":"binary-expr","locations":[{"start":{"line":8,"column":16},"end":{"line":8,"column":38}},{"start":{"line":8,"column":42},"end":{"line":8,"column":55}}],"line":8},"1":{"loc":{"start":{"line":24,"column":4},"end":{"line":26,"column":5}},"type":"if","locations":[{"start":{"line":24,"column":4},"end":{"line":26,"column":5}},{"start":{"line":24,"column":4},"end":{"line":26,"column":5}}],"line":24},"2":{"loc":{"start":{"line":29,"column":4},"end":{"line":31,"column":5}},"type":"if","locations":[{"start":{"line":29,"column":4},"end":{"line":31,"column":5}},{"start":{"line":29,"column":4},"end":{"line":31,"column":5}}],"line":29},"3":{"loc":{"start":{"line":35,"column":8},"end":{"line":40,"column":9}},"type":"if","locations":[{"start":{"line":35,"column":8},"end":{"line":40,"column":9}},{"start":{"line":35,"column":8},"end":{"line":40,"column":9}}],"line":35},"4":{"loc":{"start":{"line":48,"column":8},"end":{"line":50,"column":9}},"type":"if","locations":[{"start":{"line":48,"column":8},"end":{"line":50,"column":9}},{"start":{"line":48,"column":8},"end":{"line":50,"column":9}}],"line":48},"5":{"loc":{"start":{"line":108,"column":12},"end":{"line":110,"column":13}},"type":"if","locations":[{"start":{"line":108,"column":12},"end":{"line":110,"column":13}},{"start":{"line":108,"column":12},"end":{"line":110,"column":13}}],"line":108},"6":{"loc":{"start":{"line":137,"column":8},"end":{"line":139,"column":9}},"type":"if","locations":[{"start":{"line":137,"column":8},"end":{"line":139,"column":9}},{"start":{"line":137,"column":8},"end":{"line":139,"column":9}}],"line":137},"7":{"loc":{"start":{"line":153,"column":8},"end":{"line":155,"column":9}},"type":"if","locations":[{"start":{"line":153,"column":8},"end":{"line":155,"column":9}},{"start":{"line":153,"column":8},"end":{"line":155,"column":9}}],"line":153},"8":{"loc":{"start":{"line":161,"column":12},"end":{"line":163,"column":13}},"type":"if","locations":[{"start":{"line":161,"column":12},"end":{"line":163,"column":13}},{"start":{"line":161,"column":12},"end":{"line":163,"column":13}}],"line":161},"9":{"loc":{"start":{"line":178,"column":8},"end":{"line":180,"column":9}},"type":"if","locations":[{"start":{"line":178,"column":8},"end":{"line":180,"column":9}},{"start":{"line":178,"column":8},"end":{"line":180,"column":9}}],"line":178},"10":{"loc":{"start":{"line":195,"column":8},"end":{"line":197,"column":9}},"type":"if","locations":[{"start":{"line":195,"column":8},"end":{"line":197,"column":9}},{"start":{"line":195,"column":8},"end":{"line":197,"column":9}}],"line":195},"11":{"loc":{"start":{"line":217,"column":8},"end":{"line":219,"column":9}},"type":"if","locations":[{"start":{"line":217,"column":8},"end":{"line":219,"column":9}},{"start":{"line":217,"column":8},"end":{"line":219,"column":9}}],"line":217},"12":{"loc":{"start":{"line":232,"column":8},"end":{"line":234,"column":9}},"type":"if","locations":[{"start":{"line":232,"column":8},"end":{"line":234,"column":9}},{"start":{"line":232,"column":8},"end":{"line":234,"column":9}}],"line":232},"13":{"loc":{"start":{"line":243,"column":8},"end":{"line":245,"column":9}},"type":"if","locations":[{"start":{"line":243,"column":8},"end":{"line":245,"column":9}},{"start":{"line":243,"column":8},"end":{"line":245,"column":9}}],"line":243},"14":{"loc":{"start":{"line":247,"column":12},"end":{"line":249,"column":13}},"type":"if","locations":[{"start":{"line":247,"column":12},"end":{"line":249,"column":13}},{"start":{"line":247,"column":12},"end":{"line":249,"column":13}}],"line":247},"15":{"loc":{"start":{"line":258,"column":8},"end":{"line":260,"column":9}},"type":"if","locations":[{"start":{"line":258,"column":8},"end":{"line":260,"column":9}},{"start":{"line":258,"column":8},"end":{"line":260,"column":9}}],"line":258},"16":{"loc":{"start":{"line":290,"column":4},"end":{"line":292,"column":5}},"type":"if","locations":[{"start":{"line":290,"column":4},"end":{"line":292,"column":5}},{"start":{"line":290,"column":4},"end":{"line":292,"column":5}}],"line":290},"17":{"loc":{"start":{"line":295,"column":8},"end":{"line":299,"column":9}},"type":"if","locations":[{"start":{"line":295,"column":8},"end":{"line":299,"column":9}},{"start":{"line":295,"column":8},"end":{"line":299,"column":9}}],"line":295},"18":{"loc":{"start":{"line":297,"column":15},"end":{"line":299,"column":9}},"type":"if","locations":[{"start":{"line":297,"column":15},"end":{"line":299,"column":9}},{"start":{"line":297,"column":15},"end":{"line":299,"column":9}}],"line":297},"19":{"loc":{"start":{"line":309,"column":4},"end":{"line":311,"column":5}},"type":"if","locations":[{"start":{"line":309,"column":4},"end":{"line":311,"column":5}},{"start":{"line":309,"column":4},"end":{"line":311,"column":5}}],"line":309},"20":{"loc":{"start":{"line":314,"column":8},"end":{"line":318,"column":9}},"type":"if","locations":[{"start":{"line":314,"column":8},"end":{"line":318,"column":9}},{"start":{"line":314,"column":8},"end":{"line":318,"column":9}}],"line":314},"21":{"loc":{"start":{"line":316,"column":15},"end":{"line":318,"column":9}},"type":"if","locations":[{"start":{"line":316,"column":15},"end":{"line":318,"column":9}},{"start":{"line":316,"column":15},"end":{"line":318,"column":9}}],"line":316},"22":{"loc":{"start":{"line":334,"column":4},"end":{"line":336,"column":5}},"type":"if","locations":[{"start":{"line":334,"column":4},"end":{"line":336,"column":5}},{"start":{"line":334,"column":4},"end":{"line":336,"column":5}}],"line":334},"23":{"loc":{"start":{"line":338,"column":4},"end":{"line":340,"column":5}},"type":"if","locations":[{"start":{"line":338,"column":4},"end":{"line":340,"column":5}},{"start":{"line":338,"column":4},"end":{"line":340,"column":5}}],"line":338},"24":{"loc":{"start":{"line":342,"column":4},"end":{"line":344,"column":5}},"type":"if","locations":[{"start":{"line":342,"column":4},"end":{"line":344,"column":5}},{"start":{"line":342,"column":4},"end":{"line":344,"column":5}}],"line":342}},"s":{"0":1,"1":1,"2":1,"3":1,"4":1,"5":1,"6":1,"7":1,"8":1,"9":1,"10":1,"11":1,"12":0,"13":0,"14":0,"15":0,"16":0,"17":0,"18":0,"19":0,"20":0,"21":0,"22":0,"23":0,"24":1,"25":0,"26":0,"27":0,"28":0,"29":0,"30":0,"31":0,"32":0,"33":0,"34":0,"35":0,"36":0,"37":0,"38":0,"39":0,"40":0,"41":1,"42":0,"43":0,"44":0,"45":0,"46":1,"47":0,"48":0,"49":0,"50":0,"51":0,"52":0,"53":0,"54":0,"55":0,"56":0,"57":0,"58":1,"59":0,"60":0,"61":0,"62":0,"63":1,"64":0,"65":0,"66":0,"67":0,"68":0,"69":0,"70":1,"71":0,"72":0,"73":0,"74":0,"75":0,"76":0,"77":0,"78":0,"79":0,"80":1,"81":0,"82":0,"83":0,"84":0,"85":0,"86":0,"87":0,"88":1,"89":0,"90":0,"91":0,"92":0,"93":0,"94":0,"95":0,"96":1,"97":0,"98":0,"99":0,"100":0,"101":0,"102":0,"103":0,"104":0,"105":0,"106":0,"107":0,"108":0,"109":0,"110":0,"111":0,"112":0,"113":0,"114":0,"115":0,"116":0,"117":0,"118":0,"119":0,"120":0,"121":0,"122":0,"123":0,"124":0,"125":0,"126":0,"127":0,"128":0,"129":0,"130":0,"131":0,"132":0,"133":1},"f":{"0":0,"1":0,"2":0,"3":0,"4":0,"5":0,"6":0,"7":0,"8":0,"9":0,"10":0,"11":0,"12":0,"13":0,"14":0,"15":0,"16":0,"17":0,"18":0,"19":0,"20":0,"21":0,"22":0,"23":0,"24":0,"25":0,"26":0,"27":0,"28":0,"29":0,"30":0,"31":0},"b":{"0":[1,1],"1":[0,0],"2":[0,0],"3":[0,0],"4":[0,0],"5":[0,0],"6":[0,0],"7":[0,0],"8":[0,0],"9":[0,0],"10":[0,0],"11":[0,0],"12":[0,0],"13":[0,0],"14":[0,0],"15":[0,0],"16":[0,0],"17":[0,0],"18":[0,0],"19":[0,0],"20":[0,0],"21":[0,0],"22":[0,0],"23":[0,0],"24":[0,0]},"_coverageSchema":"43e27e138ebf9cfc5966b082cf9a028302ed4184","hash":"ad28b974c5fda86a8c037e3b79b37c1ad2eac052","contentHash":"cff91c3804226b947574ede1f21574f587bb341425da0ce83ff8dae796d71181"},"C:\\Users\\Karim\\Desktop\\Projet_TripAdvisor - final npm install\\routes\\utils.js":{"path":"C:\\Users\\Karim\\Desktop\\Projet_TripAdvisor - final npm install\\routes\\utils.js","statementMap":{"0":{"start":{"line":1,"column":15},"end":{"line":1,"column":35}},"1":{"start":{"line":2,"column":25},"end":{"line":2,"column":54}},"2":{"start":{"line":7,"column":0},"end":{"line":15,"column":2}},"3":{"start":{"line":8,"column":4},"end":{"line":10,"column":5}},"4":{"start":{"line":9,"column":8},"end":{"line":9,"column":22}},"5":{"start":{"line":12,"column":18},"end":{"line":12,"column":88}},"6":{"start":{"line":13,"column":4},"end":{"line":13,"column":23}},"7":{"start":{"line":14,"column":4},"end":{"line":14,"column":16}},"8":{"start":{"line":23,"column":0},"end":{"line":38,"column":2}},"9":{"start":{"line":26,"column":15},"end":{"line":26,"column":43}},"10":{"start":{"line":27,"column":4},"end":{"line":29,"column":5}},"11":{"start":{"line":28,"column":8},"end":{"line":28,"column":17}},"12":{"start":{"line":32,"column":19},"end":{"line":32,"column":51}},"13":{"start":{"line":33,"column":4},"end":{"line":35,"column":5}},"14":{"start":{"line":34,"column":8},"end":{"line":34,"column":23}},"15":{"start":{"line":37,"column":4},"end":{"line":37,"column":30}},"16":{"start":{"line":49,"column":0},"end":{"line":72,"column":1}},"17":{"start":{"line":51,"column":18},"end":{"line":51,"column":20}},"18":{"start":{"line":52,"column":16},"end":{"line":52,"column":45}},"19":{"start":{"line":53,"column":20},"end":{"line":53,"column":47}},"20":{"start":{"line":56,"column":4},"end":{"line":59,"column":5}},"21":{"start":{"line":57,"column":8},"end":{"line":57,"column":82}},"22":{"start":{"line":58,"column":8},"end":{"line":58,"column":90}},"23":{"start":{"line":62,"column":4},"end":{"line":65,"column":5}},"24":{"start":{"line":63,"column":8},"end":{"line":63,"column":90}},"25":{"start":{"line":64,"column":8},"end":{"line":64,"column":89}},"26":{"start":{"line":69,"column":4},"end":{"line":71,"column":5}},"27":{"start":{"line":70,"column":8},"end":{"line":70,"column":49}},"28":{"start":{"line":77,"column":0},"end":{"line":92,"column":2}},"29":{"start":{"line":80,"column":30},"end":{"line":80,"column":47}},"30":{"start":{"line":81,"column":4},"end":{"line":83,"column":5}},"31":{"start":{"line":82,"column":8},"end":{"line":82,"column":21}},"32":{"start":{"line":86,"column":4},"end":{"line":88,"column":5}},"33":{"start":{"line":87,"column":8},"end":{"line":87,"column":54}},"34":{"start":{"line":91,"column":4},"end":{"line":91,"column":54}},"35":{"start":{"line":98,"column":0},"end":{"line":118,"column":2}},"36":{"start":{"line":99,"column":4},"end":{"line":101,"column":5}},"37":{"start":{"line":100,"column":8},"end":{"line":100,"column":35}},"38":{"start":{"line":103,"column":32},"end":{"line":103,"column":56}},"39":{"start":{"line":104,"column":4},"end":{"line":106,"column":5}},"40":{"start":{"line":105,"column":8},"end":{"line":105,"column":35}},"41":{"start":{"line":108,"column":18},"end":{"line":108,"column":61}},"42":{"start":{"line":109,"column":4},"end":{"line":111,"column":5}},"43":{"start":{"line":110,"column":8},"end":{"line":110,"column":35}},"44":{"start":{"line":113,"column":4},"end":{"line":115,"column":5}},"45":{"start":{"line":114,"column":8},"end":{"line":114,"column":35}},"46":{"start":{"line":117,"column":4},"end":{"line":117,"column":11}}},"fnMap":{"0":{"name":"(anonymous_0)","decl":{"start":{"line":7,"column":22},"end":{"line":7,"column":23}},"loc":{"start":{"line":7,"column":47},"end":{"line":15,"column":1}},"line":7},"1":{"name":"(anonymous_1)","decl":{"start":{"line":23,"column":34},"end":{"line":23,"column":35}},"loc":{"start":{"line":23,"column":48},"end":{"line":38,"column":1}},"line":23},"2":{"name":"(anonymous_2)","decl":{"start":{"line":49,"column":24},"end":{"line":49,"column":25}},"loc":{"start":{"line":49,"column":75},"end":{"line":72,"column":1}},"line":49},"3":{"name":"(anonymous_3)","decl":{"start":{"line":77,"column":32},"end":{"line":77,"column":33}},"loc":{"start":{"line":77,"column":56},"end":{"line":92,"column":1}},"line":77},"4":{"name":"(anonymous_4)","decl":{"start":{"line":98,"column":23},"end":{"line":98,"column":24}},"loc":{"start":{"line":98,"column":48},"end":{"line":118,"column":1}},"line":98}},"branchMap":{"0":{"loc":{"start":{"line":8,"column":4},"end":{"line":10,"column":5}},"type":"if","locations":[{"start":{"line":8,"column":4},"end":{"line":10,"column":5}},{"start":{"line":8,"column":4},"end":{"line":10,"column":5}}],"line":8},"1":{"loc":{"start":{"line":27,"column":4},"end":{"line":29,"column":5}},"type":"if","locations":[{"start":{"line":27,"column":4},"end":{"line":29,"column":5}},{"start":{"line":27,"column":4},"end":{"line":29,"column":5}}],"line":27},"2":{"loc":{"start":{"line":27,"column":8},"end":{"line":27,"column":31}},"type":"binary-expr","locations":[{"start":{"line":27,"column":8},"end":{"line":27,"column":19}},{"start":{"line":27,"column":23},"end":{"line":27,"column":31}}],"line":27},"3":{"loc":{"start":{"line":33,"column":4},"end":{"line":35,"column":5}},"type":"if","locations":[{"start":{"line":33,"column":4},"end":{"line":35,"column":5}},{"start":{"line":33,"column":4},"end":{"line":35,"column":5}}],"line":33},"4":{"loc":{"start":{"line":33,"column":8},"end":{"line":33,"column":57}},"type":"binary-expr","locations":[{"start":{"line":33,"column":8},"end":{"line":33,"column":23}},{"start":{"line":33,"column":27},"end":{"line":33,"column":39}},{"start":{"line":33,"column":43},"end":{"line":33,"column":57}}],"line":33},"5":{"loc":{"start":{"line":56,"column":4},"end":{"line":59,"column":5}},"type":"if","locations":[{"start":{"line":56,"column":4},"end":{"line":59,"column":5}},{"start":{"line":56,"column":4},"end":{"line":59,"column":5}}],"line":56},"6":{"loc":{"start":{"line":62,"column":4},"end":{"line":65,"column":5}},"type":"if","locations":[{"start":{"line":62,"column":4},"end":{"line":65,"column":5}},{"start":{"line":62,"column":4},"end":{"line":65,"column":5}}],"line":62},"7":{"loc":{"start":{"line":69,"column":4},"end":{"line":71,"column":5}},"type":"if","locations":[{"start":{"line":69,"column":4},"end":{"line":71,"column":5}},{"start":{"line":69,"column":4},"end":{"line":71,"column":5}}],"line":69},"8":{"loc":{"start":{"line":81,"column":4},"end":{"line":83,"column":5}},"type":"if","locations":[{"start":{"line":81,"column":4},"end":{"line":83,"column":5}},{"start":{"line":81,"column":4},"end":{"line":83,"column":5}}],"line":81},"9":{"loc":{"start":{"line":86,"column":4},"end":{"line":88,"column":5}},"type":"if","locations":[{"start":{"line":86,"column":4},"end":{"line":88,"column":5}},{"start":{"line":86,"column":4},"end":{"line":88,"column":5}}],"line":86},"10":{"loc":{"start":{"line":99,"column":4},"end":{"line":101,"column":5}},"type":"if","locations":[{"start":{"line":99,"column":4},"end":{"line":101,"column":5}},{"start":{"line":99,"column":4},"end":{"line":101,"column":5}}],"line":99},"11":{"loc":{"start":{"line":104,"column":4},"end":{"line":106,"column":5}},"type":"if","locations":[{"start":{"line":104,"column":4},"end":{"line":106,"column":5}},{"start":{"line":104,"column":4},"end":{"line":106,"column":5}}],"line":104},"12":{"loc":{"start":{"line":109,"column":4},"end":{"line":111,"column":5}},"type":"if","locations":[{"start":{"line":109,"column":4},"end":{"line":111,"column":5}},{"start":{"line":109,"column":4},"end":{"line":111,"column":5}}],"line":109},"13":{"loc":{"start":{"line":113,"column":4},"end":{"line":115,"column":5}},"type":"if","locations":[{"start":{"line":113,"column":4},"end":{"line":115,"column":5}},{"start":{"line":113,"column":4},"end":{"line":115,"column":5}}],"line":113}},"s":{"0":1,"1":1,"2":1,"3":0,"4":0,"5":0,"6":0,"7":0,"8":1,"9":0,"10":0,"11":0,"12":0,"13":0,"14":0,"15":0,"16":1,"17":0,"18":0,"19":0,"20":0,"21":0,"22":0,"23":0,"24":0,"25":0,"26":0,"27":0,"28":1,"29":0,"30":0,"31":0,"32":0,"33":0,"34":0,"35":1,"36":0,"37":0,"38":0,"39":0,"40":0,"41":0,"42":0,"43":0,"44":0,"45":0,"46":0},"f":{"0":0,"1":0,"2":0,"3":0,"4":0},"b":{"0":[0,0],"1":[0,0],"2":[0,0],"3":[0,0],"4":[0,0,0],"5":[0,0],"6":[0,0],"7":[0,0],"8":[0,0],"9":[0,0],"10":[0,0],"11":[0,0],"12":[0,0],"13":[0,0]},"_coverageSchema":"43e27e138ebf9cfc5966b082cf9a028302ed4184","hash":"4a24e9721694f1f149d1f524e7037d786c1d80d2","contentHash":"b1681f01840eaf47e189fdcc8d1032e0d9fa004c526500344af4cdaf36e2588d"},"C:\\Users\\Karim\\Desktop\\Projet_TripAdvisor - final npm install\\models\\places.js":{"path":"C:\\Users\\Karim\\Desktop\\Projet_TripAdvisor - final npm install\\models\\places.js","statementMap":{"0":{"start":{"line":1,"column":17},"end":{"line":1,"column":36}},"1":{"start":{"line":2,"column":17},"end":{"line":2,"column":40}},"2":{"start":{"line":3,"column":15},"end":{"line":3,"column":30}},"3":{"start":{"line":5,"column":20},"end":{"line":42,"column":2}},"4":{"start":{"line":45,"column":0},"end":{"line":45,"column":44}},"5":{"start":{"line":48,"column":0},"end":{"line":51,"column":3}},"6":{"start":{"line":55,"column":4},"end":{"line":55,"column":150}},"7":{"start":{"line":64,"column":4},"end":{"line":64,"column":20}},"8":{"start":{"line":65,"column":4},"end":{"line":65,"column":20}},"9":{"start":{"line":67,"column":4},"end":{"line":67,"column":16}},"10":{"start":{"line":70,"column":0},"end":{"line":70,"column":55}}},"fnMap":{"0":{"name":"validateGeoJsonCoordinates","decl":{"start":{"line":54,"column":9},"end":{"line":54,"column":35}},"loc":{"start":{"line":54,"column":43},"end":{"line":56,"column":1}},"line":54},"1":{"name":"transformJsonPlace","decl":{"start":{"line":61,"column":9},"end":{"line":61,"column":27}},"loc":{"start":{"line":61,"column":48},"end":{"line":68,"column":1}},"line":61}},"branchMap":{"0":{"loc":{"start":{"line":55,"column":11},"end":{"line":55,"column":149}},"type":"binary-expr","locations":[{"start":{"line":55,"column":11},"end":{"line":55,"column":31}},{"start":{"line":55,"column":35},"end":{"line":55,"column":52}},{"start":{"line":55,"column":56},"end":{"line":55,"column":73}},{"start":{"line":55,"column":77},"end":{"line":55,"column":93}},{"start":{"line":55,"column":97},"end":{"line":55,"column":112}},{"start":{"line":55,"column":116},"end":{"line":55,"column":131}},{"start":{"line":55,"column":135},"end":{"line":55,"column":149}}],"line":55}},"s":{"0":1,"1":1,"2":1,"3":1,"4":1,"5":1,"6":0,"7":0,"8":0,"9":0,"10":1},"f":{"0":0,"1":0},"b":{"0":[0,0,0,0,0,0,0]},"_coverageSchema":"43e27e138ebf9cfc5966b082cf9a028302ed4184","hash":"d8b31332fa5e3d6489faab86562c63096d6428fa","contentHash":"39fa35a4ba6c3c574a6fa13ad7c6d029bf5a0680f21a5a4e1759817ee8f486a2"},"C:\\Users\\Karim\\Desktop\\Projet_TripAdvisor - final npm install\\spec\\utils.js":{"path":"C:\\Users\\Karim\\Desktop\\Projet_TripAdvisor - final npm install\\spec\\utils.js","statementMap":{"0":{"start":{"line":1,"column":13},"end":{"line":1,"column":39}},"1":{"start":{"line":3,"column":0},"end":{"line":7,"column":2}},"2":{"start":{"line":4,"column":4},"end":{"line":6,"column":7}}},"fnMap":{"0":{"name":"(anonymous_0)","decl":{"start":{"line":3,"column":26},"end":{"line":3,"column":27}},"loc":{"start":{"line":3,"column":43},"end":{"line":7,"column":1}},"line":3}},"branchMap":{},"s":{"0":1,"1":1,"2":2},"f":{"0":2},"b":{},"_coverageSchema":"43e27e138ebf9cfc5966b082cf9a028302ed4184","hash":"e4d0d831dbc19441e72238fb7a867ca6d4329316","contentHash":"00ca5e9ab72bcc10e36ba476162059aff74d5f39c2135089872386d247226f95"},"C:\\Users\\Karim\\Desktop\\Projet_TripAdvisor - final npm install\\spec\\users.spec.js":{"path":"C:\\Users\\Karim\\Desktop\\Projet_TripAdvisor - final npm install\\spec\\users.spec.js","statementMap":{"0":{"start":{"line":1,"column":19},"end":{"line":1,"column":34}},"1":{"start":{"line":2,"column":18},"end":{"line":2,"column":38}},"2":{"start":{"line":3,"column":12},"end":{"line":3,"column":29}},"3":{"start":{"line":4,"column":17},"end":{"line":4,"column":36}},"4":{"start":{"line":5,"column":28},"end":{"line":5,"column":46}},"5":{"start":{"line":6,"column":13},"end":{"line":6,"column":39}},"6":{"start":{"line":9,"column":0},"end":{"line":9,"column":28}},"7":{"start":{"line":14,"column":0},"end":{"line":42,"column":3}},"8":{"start":{"line":15,"column":4},"end":{"line":20,"column":7}},"9":{"start":{"line":16,"column":8},"end":{"line":19,"column":11}},"10":{"start":{"line":21,"column":4},"end":{"line":41,"column":7}},"11":{"start":{"line":22,"column":20},"end":{"line":25,"column":39}},"12":{"start":{"line":27,"column":8},"end":{"line":27,"column":42}},"13":{"start":{"line":28,"column":8},"end":{"line":28,"column":44}},"14":{"start":{"line":30,"column":8},"end":{"line":30,"column":46}},"15":{"start":{"line":31,"column":8},"end":{"line":31,"column":48}},"16":{"start":{"line":32,"column":8},"end":{"line":32,"column":57}},"17":{"start":{"line":33,"column":8},"end":{"line":33,"column":62}},"18":{"start":{"line":34,"column":8},"end":{"line":34,"column":82}},"19":{"start":{"line":36,"column":8},"end":{"line":36,"column":46}},"20":{"start":{"line":37,"column":8},"end":{"line":37,"column":48}},"21":{"start":{"line":38,"column":8},"end":{"line":38,"column":57}},"22":{"start":{"line":39,"column":8},"end":{"line":39,"column":62}},"23":{"start":{"line":40,"column":8},"end":{"line":40,"column":83}},"24":{"start":{"line":46,"column":0},"end":{"line":57,"column":3}},"25":{"start":{"line":47,"column":4},"end":{"line":56,"column":11}},"26":{"start":{"line":48,"column":20},"end":{"line":55,"column":39}},"27":{"start":{"line":70,"column":0},"end":{"line":70,"column":27}}},"fnMap":{"0":{"name":"(anonymous_0)","decl":{"start":{"line":14,"column":23},"end":{"line":14,"column":24}},"loc":{"start":{"line":14,"column":34},"end":{"line":42,"column":1}},"line":14},"1":{"name":"(anonymous_1)","decl":{"start":{"line":15,"column":15},"end":{"line":15,"column":16}},"loc":{"start":{"line":15,"column":32},"end":{"line":20,"column":5}},"line":15},"2":{"name":"(anonymous_2)","decl":{"start":{"line":21,"column":44},"end":{"line":21,"column":45}},"loc":{"start":{"line":21,"column":61},"end":{"line":41,"column":5}},"line":21},"3":{"name":"(anonymous_3)","decl":{"start":{"line":46,"column":24},"end":{"line":46,"column":25}},"loc":{"start":{"line":46,"column":35},"end":{"line":57,"column":1}},"line":46},"4":{"name":"(anonymous_4)","decl":{"start":{"line":47,"column":31},"end":{"line":47,"column":32}},"loc":{"start":{"line":47,"column":48},"end":{"line":56,"column":9}},"line":47}},"branchMap":{},"s":{"0":1,"1":1,"2":1,"3":1,"4":1,"5":1,"6":1,"7":1,"8":1,"9":1,"10":1,"11":1,"12":1,"13":1,"14":1,"15":1,"16":1,"17":1,"18":1,"19":1,"20":1,"21":1,"22":1,"23":1,"24":1,"25":1,"26":1,"27":1},"f":{"0":1,"1":1,"2":1,"3":1,"4":1},"b":{},"_coverageSchema":"43e27e138ebf9cfc5966b082cf9a028302ed4184","hash":"a8e8fd6dd28bd60c34a7717f6a54d49a9f54cba6","contentHash":"3abff2f0736225fc790420359c4b1f9fc73173ff4bdc68c066d8daa3be74f2df"}}